<?xml version="1.0" encoding="UTF-8"?>
<!-- Generated by org.testng.reporters.JUnitXMLReporter -->
<testsuite ignored="0" hostname="truyenltpc" failures="1" tests="1" name="Luồng phê duyệt VB dự thảo đến Chờ phát hành" time="73.192" errors="0" timestamp="2021-10-09T16:31:55 ICT">
  <testcase classname="testCaseVBDT.TC03_TaoVbDuThaoGuiPheDuyetHoanTatQuyTrinh" name="VBDangLuuKhongDinhKem" time="73.189">
    <failure type="java.lang.AssertionError" message="expected [09/10/2021] but found [09/10/2021 16:31]">
      <![CDATA[java.lang.AssertionError: expected [09/10/2021] but found [09/10/2021 16:31]
at pages.DanhSachVBDiDaPheDuyet.ValidateVBDiDaPheDuyet(DanhSachVBDiDaPheDuyet.java:28)
at testCaseVBDT.TC03_TaoVbDuThaoGuiPheDuyetHoanTatQuyTrinh.VBDangLuuKhongDinhKem(TC03_TaoVbDuThaoGuiPheDuyetHoanTatQuyTrinh.java:79)
at java.base/java.util.ArrayList.forEach(ArrayList.java:1511)
... Removed 33 stack frames]]>
    </failure>
  </testcase> <!-- VBDangLuuKhongDinhKem -->
</testsuite> <!-- Luồng phê duyệt VB dự thảo đến Chờ phát hành -->
