<?xml version="1.0" encoding="UTF-8"?>
<!-- Generated by org.testng.reporters.JUnitXMLReporter -->
<testsuite ignored="0" hostname="truyenltpc" failures="1" tests="1" name="Người phê duyệt Yêu cầu Bổ sung thông tin, người được yêu cầu Bổ sung thông tin gửi lại" time="59.873" errors="0" timestamp="2021-10-09T16:37:05 ICT">
  <testcase classname="testCaseVBDT.TC06_NguoiPheDuyetYeuCauBoSungThongTin" name="NguoiPheDuyetYeuCauBoSungThongTin" time="59.87">
    <failure type="java.lang.AssertionError" message="expected [Văn bản đi] but found []">
      <![CDATA[java.lang.AssertionError: expected [Văn bản đi] but found []
at pages.DanhSachViecCanXuLy.ValidateTaskBoSungThongTin(DanhSachViecCanXuLy.java:245)
at testCaseVBDT.TC06_NguoiPheDuyetYeuCauBoSungThongTin.NguoiPheDuyetYeuCauBoSungThongTin(TC06_NguoiPheDuyetYeuCauBoSungThongTin.java:71)
at java.base/java.util.ArrayList.forEach(ArrayList.java:1511)
... Removed 33 stack frames]]>
    </failure>
  </testcase> <!-- NguoiPheDuyetYeuCauBoSungThongTin -->
</testsuite> <!-- Người phê duyệt Yêu cầu Bổ sung thông tin, người được yêu cầu Bổ sung thông tin gửi lại -->
