<?xml version="1.0" encoding="UTF-8"?>
<!-- Generated by org.testng.reporters.JUnitXMLReporter -->
<testsuite ignored="0" hostname="truyenltpc" failures="0" tests="1" name="Thao tác thêm mới, Upload file, Tạo từ mẫu, Sửa thông tin VB Dự thảo" time="91.735" errors="0" timestamp="2021-10-09T16:28:54 ICT">
  <testcase classname="testCaseVBDT.TC01_ThaoTacTrenFormDuThao" name="ThaoTacTrenFormDuThao" time="91.699"/>
</testsuite> <!-- Thao tác thêm mới, Upload file, Tạo từ mẫu, Sửa thông tin VB Dự thảo -->
