<?xml version="1.0" encoding="UTF-8"?>
<!-- Generated by org.testng.reporters.JUnitXMLReporter -->
<testsuite ignored="0" hostname="LAPTOP-DGDCJGPO" failures="1" tests="1" name="16. Hồ sơ Tài liệu Loại Ký Mộc - Chuyển xử lý ở bước TGD" time="0.003" errors="0" timestamp="2021-10-30T17:15:54 ICT">
  <testcase classname="testCaseHSTL.TC15_HoSoTaiLieuKyMocChuyenXuLyBuocTGD" name="HoSoTaiLieuKyMocChuyenXuLyBuocTruongPhong" time="0.001">
    <failure type="java.lang.Error" message="Unresolved compilation problem: 
	The method TrinhPheDuyetHopDong(String, String) is undefined for the type FormHoSoTaiLieu
">
      <![CDATA[java.lang.Error: Unresolved compilation problem: 
The method TrinhPheDuyetHopDong(String, String) is undefined for the type FormHoSoTaiLieu

at testCaseHSTL.TC15_HoSoTaiLieuKyMocChuyenXuLyBuocTGD.HoSoTaiLieuKyMocChuyenXuLyBuocTruongPhong(TC15_HoSoTaiLieuKyMocChuyenXuLyBuocTGD.java:50)
at java.base/java.util.ArrayList.forEach(ArrayList.java:1511)
... Removed 27 stack frames]]>
    </failure>
  </testcase> <!-- HoSoTaiLieuKyMocChuyenXuLyBuocTruongPhong -->
</testsuite> <!-- 16. Hồ sơ Tài liệu Loại Ký Mộc - Chuyển xử lý ở bước TGD -->
