<?xml version="1.0" encoding="UTF-8"?>
<!-- Generated by org.testng.reporters.JUnitXMLReporter -->
<testsuite ignored="0" hostname="PMSSD76" failures="1" tests="1" name="17. Hồ sơ Tài liệu Loại Không Ký Mộc - Yêu cầu điều chỉnh và Thay đổi người xử lý ở bước phê duyệt cuối" time="203.282" errors="0" timestamp="2021-08-21T17:49:40 HOVT">
  <testcase classname="testCaseHSTL.TC18_HoSoTaiLieuKhongKyMoc_YeuCauDieuChinh" name="HoSoTaiLieuKhongKyMoc_YeuCauDieuChinh" time="203.264">
    <failure type="java.lang.AssertionError" message="expected [Yêu cầu phê duyệt &amp;quot;Hồ sơ tài liệu không ký mộc - Yêu cầu điều chỉnh và thay đổi người duyệt 21-08-2021 04:08&amp;quot;] but found [Thực hiện VB đến &amp;quot;VBtest1&amp;quot;]">
      <![CDATA[java.lang.AssertionError: expected [Yêu cầu phê duyệt "Hồ sơ tài liệu không ký mộc - Yêu cầu điều chỉnh và thay đổi người duyệt 21-08-2021 04:08"] but found [Thực hiện VB đến "VBtest1"]
at pages.DanhSachViecCanXuLy.ValidateTaskYeuCauPheDuyetToTrinh(DanhSachViecCanXuLy.java:297)
at testCaseHSTL.TC18_HoSoTaiLieuKhongKyMoc_YeuCauDieuChinh.HoSoTaiLieuKhongKyMoc_YeuCauDieuChinh(TC18_HoSoTaiLieuKhongKyMoc_YeuCauDieuChinh.java:51)
at java.base/java.util.ArrayList.forEach(ArrayList.java:1511)
... Removed 33 stack frames]]>
    </failure>
  </testcase> <!-- HoSoTaiLieuKhongKyMoc_YeuCauDieuChinh -->
</testsuite> <!-- 17. Hồ sơ Tài liệu Loại Không Ký Mộc - Yêu cầu điều chỉnh và Thay đổi người xử lý ở bước phê duyệt cuối -->
