<?xml version="1.0" encoding="UTF-8"?>
<!-- Generated by org.testng.reporters.JUnitXMLReporter -->
<testsuite ignored="0" hostname="truyenltpc" failures="0" tests="1" name="22. Hồ sơ Tài liệu Loại Ký Mộc - 2 Bước phê duyệt liền kề giống nhau" time="193.896" errors="0" timestamp="2021-08-20T21:58:42 ICT">
  <testcase classname="testCaseHSTL.TC23_HoSoTaiLieuKyMoc_2BuocPheDuyetGiongNhau" name="HoSoTaiLieuKyMoc_KeyUser" time="193.893"/>
</testsuite> <!-- 22. Hồ sơ Tài liệu Loại Ký Mộc - 2 Bước phê duyệt liền kề giống nhau -->
