<?xml version="1.0" encoding="UTF-8"?>
<!-- Generated by org.testng.reporters.JUnitXMLReporter -->
<testsuite ignored="0" hostname="truyenltpc" failures="0" tests="1" name="23. Hồ sơ Tài liệu Loại Không Ký Mộc - 2 Bước phê duyệt liền kề giống nhau" time="162.534" errors="0" timestamp="2021-08-20T22:01:24 ICT">
  <testcase classname="testCaseHSTL.TC24_HoSoTaiLieuKhongKyMoc_2BuocPheDuyetGiongNhau" name="HoSoTaiLieuKhongKyMoc2_KeyUser" time="162.533"/>
</testsuite> <!-- 23. Hồ sơ Tài liệu Loại Không Ký Mộc - 2 Bước phê duyệt liền kề giống nhau -->
