<?xml version="1.0" encoding="UTF-8"?>
<!-- Generated by org.testng.reporters.JUnitXMLReporter -->
<testsuite ignored="0" hostname="truyenltpc" failures="0" tests="1" name="25. Hồ sơ tài liệu - Thao tác Xóa các field Danh mục trên form Edit" time="47.737" errors="0" timestamp="2021-10-09T16:07:21 ICT">
  <testcase classname="testCaseHSTL.TC08_ThaoTacXoaDanhMucTrenForm" name="ThaoTacXoaDanhMucTrenForm" time="47.735"/>
</testsuite> <!-- 25. Hồ sơ tài liệu - Thao tác Xóa các field Danh mục trên form Edit -->
