<?xml version="1.0" encoding="UTF-8"?>
<!-- Generated by org.testng.reporters.JUnitXMLReporter -->
<testsuite ignored="0" hostname="truyenltpc" failures="0" tests="3" name="Default test(failed)" time="1153.188" errors="0" timestamp="2021-08-11T17:20:02 ICT">
  <testcase classname="testCaseNVXuLyVanBanDen.TC04_NV_NVLapHoSoXuLy" name="NVLapHoSoXuLy" time="401.007"/>
  <testcase classname="testCaseNVXuLyVanBanDen.TC03_NV_NVLapHoSoDuThao" name="NVLapHoSoDuThao" time="420.249"/>
  <testcase classname="testCaseNVXuLyVanBanDen.TC02_NV_NVHoanTatTask" name="NVHoanTatTask" time="331.902"/>
</testsuite> <!-- Default test(failed) -->
