<?xml version="1.0" encoding="UTF-8"?>
<testng-results ignored="0" total="1" passed="1" failed="0" skipped="0">
  <reporter-output>
  </reporter-output>
  <suite started-at="2022-06-29T11:50:41 ICT" name="Default suite" finished-at="2022-06-29T11:52:05 ICT" duration-ms="83542">
    <groups>
    </groups>
    <test started-at="2022-06-29T11:50:41 ICT" name="Default test" finished-at="2022-06-29T11:52:05 ICT" duration-ms="83542">
      <class name="testCaseVBKySo.TC04_FileWord_KySoFileWord">
        <test-method signature="VBDangLuuKhongDinhKem()[pri:0, instance:testCaseVBKySo.TC04_FileWord_KySoFileWord@6ef888f6]" started-at="2022-06-29T11:50:41 ICT" name="VBDangLuuKhongDinhKem" finished-at="2022-06-29T11:52:05 ICT" duration-ms="83345" status="PASS">
          <reporter-output>
          </reporter-output>
        </test-method> <!-- VBDangLuuKhongDinhKem -->
      </class> <!-- testCaseVBKySo.TC04_FileWord_KySoFileWord -->
    </test> <!-- Default test -->
  </suite> <!-- Default suite -->
</testng-results>
