<?xml version="1.0" encoding="UTF-8"?>
<!-- Generated by org.testng.reporters.JUnitXMLReporter -->
<testsuite ignored="0" hostname="truyenltpc" failures="0" tests="1" name="01. Thao tác thêm mới, Upload file, Tạo từ mẫu, Sửa thông tin VB Ký số" time="110.649" errors="0" timestamp="2021-07-21T00:58:39 ICT">
  <testcase classname="testCaseVBKySo.TC01_ThaoTacTrenFormVBKySo" name="ThaoTacTrenFormDuThao" time="110.617"/>
</testsuite> <!-- 01. Thao tác thêm mới, Upload file, Tạo từ mẫu, Sửa thông tin VB Ký số -->
