<?xml version="1.0" encoding="UTF-8"?>
<!-- Generated by org.testng.reporters.JUnitXMLReporter -->
<testsuite ignored="0" hostname="truyenltpc" failures="1" tests="1" name="11. Ký số - Chuyển xử lý tại Bước Lãnh đạo phòng ban" time="100.908" errors="0" timestamp="2021-07-21T01:22:20 ICT">
  <testcase classname="testCaseVBKySo.TC11_ChuyenXuLyTaiBuocLanhDaoPhongBan" name="ChuyenXuLyTaiBuocLanhDaoPhongBan" time="100.905">
    <failure type="java.lang.AssertionError" message="expected [Văn bản đi có ký số] but found [Văn bản đi]">
      <![CDATA[java.lang.AssertionError: expected [Văn bản đi có ký số] but found [Văn bản đi]
at pages.DanhSachViecCanXuLy.ValidateTaskChuyenXuLyPheDuyetVbDuThaoKySo(DanhSachViecCanXuLy.java:158)
at testCaseVBKySo.TC11_ChuyenXuLyTaiBuocLanhDaoPhongBan.ChuyenXuLyTaiBuocLanhDaoPhongBan(TC11_ChuyenXuLyTaiBuocLanhDaoPhongBan.java:65)
at java.base/java.util.ArrayList.forEach(ArrayList.java:1511)
... Removed 33 stack frames]]>
    </failure>
  </testcase> <!-- ChuyenXuLyTaiBuocLanhDaoPhongBan -->
</testsuite> <!-- 11. Ký số - Chuyển xử lý tại Bước Lãnh đạo phòng ban -->
