<?xml version="1.0" encoding="UTF-8"?>
<!-- Generated by org.testng.reporters.JUnitXMLReporter -->
<testsuite ignored="0" hostname="truyenltpc" failures="1" tests="1" name="12. Ký số - Chuyển xử lý tại Bước Lãnh đạo BGĐ" time="142.71" errors="0" timestamp="2021-07-21T01:24:43 ICT">
  <testcase classname="testCaseVBKySo.TC12_ChuyenXuLyTaiBuocLanhDaoBGD" name="ChuyenXuLyTaiBuocLanhDaoBGD" time="142.708">
    <failure type="java.lang.AssertionError" message="expected [Văn bản đi có ký số] but found [Văn bản đi]">
      <![CDATA[java.lang.AssertionError: expected [Văn bản đi có ký số] but found [Văn bản đi]
at pages.DanhSachViecCanXuLy.ValidateTaskChuyenXuLyPheDuyetVbDuThaoKySo(DanhSachViecCanXuLy.java:158)
at testCaseVBKySo.TC12_ChuyenXuLyTaiBuocLanhDaoBGD.ChuyenXuLyTaiBuocLanhDaoBGD(TC12_ChuyenXuLyTaiBuocLanhDaoBGD.java:73)
at java.base/java.util.ArrayList.forEach(ArrayList.java:1511)
... Removed 33 stack frames]]>
    </failure>
  </testcase> <!-- ChuyenXuLyTaiBuocLanhDaoBGD -->
</testsuite> <!-- 12. Ký số - Chuyển xử lý tại Bước Lãnh đạo BGĐ -->
