<?xml version="1.0" encoding="UTF-8"?>
<!-- Generated by org.testng.reporters.JUnitXMLReporter -->
<testsuite ignored="0" hostname="truyenltpc" failures="0" tests="1" name="13. Ký thừa lệnh - Người soạn thảo được Khai báo WorkerName(failed)" time="123.751" errors="0" timestamp="2021-07-21T09:18:39 ICT">
  <testcase classname="testCaseVBKySo.TC13_KyThuaLenh_NguoiSoanCoWorkerName" name="KyThuaLenh_NguoiSoanCoWorkerName" time="123.749"/>
</testsuite> <!-- 13. Ký thừa lệnh - Người soạn thảo được Khai báo WorkerName(failed) -->
