<?xml version="1.0" encoding="UTF-8"?>
<!-- Generated by org.testng.reporters.JUnitXMLReporter -->
<testsuite ignored="0" hostname="truyenltpc" failures="1" tests="1" name="14. Ký thừa lệnh - Người soạn thảo Không được Khai báo WorkerName(failed)" time="55.68" errors="0" timestamp="2021-07-21T09:19:34 ICT">
  <testcase classname="testCaseVBKySo.TC14_KyThuaLenh_NguoiSoanKhongCoWorkerName" name="KyThuaLenh_NguoiSoanCoWorkerName" time="55.677">
    <failure type="org.openqa.selenium.NoSuchElementException" message="Cannot locate element with text: Tổng giám đốc KV1
For documentation on this error, please visit: https://www.seleniumhq.org/exceptions/no_such_element.html
Build info: version: &amp;apos;3.141.59&amp;apos;, revision: &amp;apos;e82be7d358&amp;apos;, time: &amp;apos;2018-11-14T08:25:48&amp;apos;
System info: host: &amp;apos;TRUYENLTPC&amp;apos;, ip: &amp;apos;192.168.43.3&amp;apos;, os.name: &amp;apos;Windows 10&amp;apos;, os.arch: &amp;apos;amd64&amp;apos;, os.version: &amp;apos;10.0&amp;apos;, java.version: &amp;apos;14.0.2&amp;apos;
Driver info: driver.version: unknown">
      <![CDATA[org.openqa.selenium.NoSuchElementException: Cannot locate element with text: Tổng giám đốc KV1
For documentation on this error, please visit: https://www.seleniumhq.org/exceptions/no_such_element.html
Build info: version: '3.141.59', revision: 'e82be7d358', time: '2018-11-14T08:25:48'
System info: host: 'TRUYENLTPC', ip: '192.168.43.3', os.name: 'Windows 10', os.arch: 'amd64', os.version: '10.0', java.version: '14.0.2'
Driver info: driver.version: unknown
at org.openqa.selenium.support.ui.Select.selectByVisibleText(Select.java:147)
at pages.FormVanBanDuThao.GuiPheDuyetVbThuaLenh(FormVanBanDuThao.java:189)
at testCaseVBKySo.TC14_KyThuaLenh_NguoiSoanKhongCoWorkerName.KyThuaLenh_NguoiSoanCoWorkerName(TC14_KyThuaLenh_NguoiSoanKhongCoWorkerName.java:44)
at java.base/java.util.ArrayList.forEach(ArrayList.java:1511)
... Removed 27 stack frames]]>
    </failure>
  </testcase> <!-- KyThuaLenh_NguoiSoanCoWorkerName -->
</testsuite> <!-- 14. Ký thừa lệnh - Người soạn thảo Không được Khai báo WorkerName(failed) -->
