<?xml version="1.0" encoding="UTF-8"?>
<!-- Generated by org.testng.reporters.JUnitXMLReporter -->
<testsuite ignored="0" hostname="truyenltpc" failures="0" tests="1" name="16. Ký thừa lệnh - Thay đổi tùy chọn Ký thừa lệnh từ Có thành Không trên form Edit(failed)" time="218.167" errors="0" timestamp="2021-07-21T09:23:13 ICT">
  <testcase classname="testCaseVBKySo.TC16_KyThuaLenh_ThayDoiTuKhongThanhCo" name="KyThuaLenh_ThayDoiTuKhongThanhCo" time="218.165"/>
</testsuite> <!-- 16. Ký thừa lệnh - Thay đổi tùy chọn Ký thừa lệnh từ Có thành Không trên form Edit(failed) -->
