<?xml version="1.0" encoding="UTF-8"?>
<!-- Generated by org.testng.reporters.JUnitXMLReporter -->
<testsuite ignored="0" hostname="truyenltpc" failures="0" tests="1" name="Văn thư tạo mới, Lưu Văn bản đến, Xóa file đính kèm đã lưu)" time="46.838" errors="0" timestamp="2021-08-04T18:50:45 ICT">
  <testcase classname="testCaseVBDenVanThu.TC03_VBDangLuuCoDinhKem_XoaFileDinhKem" name="VBDangLuuXoaFileDinhKem" time="46.836"/>
</testsuite> <!-- Văn thư tạo mới, Lưu Văn bản đến, Xóa file đính kèm đã lưu) -->
