<?xml version="1.0" encoding="UTF-8"?>
<!-- Generated by org.testng.reporters.JUnitXMLReporter -->
<testsuite ignored="0" hostname="truyenltpc" failures="0" tests="2" name="Văn thư" time="95.381" errors="0" timestamp="2021-06-14T22:28:33 ICT">
  <testcase classname="testCaseVBDenDangLuu.TC01_VBDangLuuKhongDinhKem" name="VBDangLuuKhongDinhKem" time="50.547"/>
  <testcase classname="testCaseVBDenDangLuu.TC02_VBDangLuuCoDinhKem" name="VBDangLuuCoDinhKem" time="44.786"/>
</testsuite> <!-- Văn thư -->
