<?xml version="1.0" encoding="UTF-8"?>
<!-- Generated by org.testng.reporters.JUnitXMLReporter -->
<testsuite ignored="0" hostname="PMSSD76" failures="1" tests="1" name="02. File Word - Ký số 1 trang" time="249.186" errors="0" timestamp="2021-08-21T18:57:33 HOVT">
  <testcase classname="testCaseVBKySo.TC02_FileWord_KySoFile1Trang" name="FileWord_KySoFile1Trang" time="249.182">
    <failure type="java.lang.AssertionError" message="expected [Chuyển phát hành &amp;quot;TC 19 - File Word Có comment Trackchange1629546654222&amp;quot;] but found [VB đi &amp;quot;TC 19 - File Word Có comment Trackchange1629546654222&amp;quot;]">
      <![CDATA[java.lang.AssertionError: expected [Chuyển phát hành "TC 19 - File Word Có comment Trackchange1629546654222"] but found [VB đi "TC 19 - File Word Có comment Trackchange1629546654222"]
at pages.DanhSachViecCanXuLy.ValidateTaskPhatHanhVBDuThaoDaPheDuyet(DanhSachViecCanXuLy.java:83)
at testCaseVBKySo.TC02_FileWord_KySoFile1Trang.FileWord_KySoFile1Trang(TC02_FileWord_KySoFile1Trang.java:71)
at java.base/java.util.ArrayList.forEach(ArrayList.java:1511)
... Removed 33 stack frames]]>
    </failure>
  </testcase> <!-- FileWord_KySoFile1Trang -->
</testsuite> <!-- 02. File Word - Ký số 1 trang -->
