<?xml version="1.0" encoding="UTF-8"?>
<!-- Generated by org.testng.reporters.JUnitXMLReporter -->
<testsuite ignored="0" hostname="truyenltpc" failures="0" tests="1" name="13. Ký thừa lệnh - Người soạn thảo được Khai báo WorkerName" time="135.035" errors="0" timestamp="2021-10-09T13:53:17 ICT">
  <testcase classname="testCaseVBKySo.TC13_KyThuaLenh_NguoiSoanCoWorkerName" name="KyThuaLenh_NguoiSoanCoWorkerName" time="135.032"/>
</testsuite> <!-- 13. Ký thừa lệnh - Người soạn thảo được Khai báo WorkerName -->
