<?xml version="1.0" encoding="UTF-8"?>
<!-- Generated by org.testng.reporters.JUnitXMLReporter -->
<testsuite ignored="0" hostname="truyenltpc" failures="0" tests="1" name="23. Luồng Ký số trường hợp Yêu cầu hiệu chỉnh và Thay đổi người phê duyệt ở Bước cuối cùng" time="118.183" errors="0" timestamp="2021-10-09T16:26:21 ICT">
  <testcase classname="testCaseVBKySo.TC23_YeuCauHieuChinhVaThayDoiNguoiDuyet" name="VBDangLuuKhongDinhKem" time="118.18"/>
</testsuite> <!-- 23. Luồng Ký số trường hợp Yêu cầu hiệu chỉnh và Thay đổi người phê duyệt ở Bước cuối cùng -->
