<?xml version="1.0" encoding="UTF-8"?>
<!-- Generated by org.testng.reporters.JUnitXMLReporter -->
<testsuite ignored="0" hostname="truyenltpc" failures="0" tests="1" name="24. Luồng Ký số trường hợp Yêu cầu hiệu chỉnh và Thay đổi Thành VB Ký thừa lệnh" time="124.621" errors="0" timestamp="2021-10-09T14:01:07 ICT">
  <testcase classname="testCaseVBKySo.TC24_YeuCauHieuChinhVaThayDoiKyThuaLenh" name="VBDangLuuKhongDinhKem" time="124.619"/>
</testsuite> <!-- 24. Luồng Ký số trường hợp Yêu cầu hiệu chỉnh và Thay đổi Thành VB Ký thừa lệnh -->
